0 info it worked if it ends with ok
1 verbose cli [ '/Users/jennminerva/.nvm/versions/node/v4.4.5/bin/node',
1 verbose cli   '/Users/jennminerva/.nvm/versions/node/v4.4.5/bin/npm',
1 verbose cli   'run',
1 verbose cli   'start' ]
2 info using npm@3.9.6
3 info using node@v4.4.5
4 verbose stack Error: Invalid name: "Happyness and Co."
4 verbose stack     at ensureValidName (/Users/jennminerva/.nvm/versions/node/v4.4.5/lib/node_modules/npm/node_modules/normalize-package-data/lib/fixer.js:336:15)
4 verbose stack     at Object.module.exports.fixNameField (/Users/jennminerva/.nvm/versions/node/v4.4.5/lib/node_modules/npm/node_modules/normalize-package-data/lib/fixer.js:215:5)
4 verbose stack     at /Users/jennminerva/.nvm/versions/node/v4.4.5/lib/node_modules/npm/node_modules/normalize-package-data/lib/normalize.js:32:38
4 verbose stack     at Array.forEach (native)
4 verbose stack     at normalize (/Users/jennminerva/.nvm/versions/node/v4.4.5/lib/node_modules/npm/node_modules/normalize-package-data/lib/normalize.js:31:15)
4 verbose stack     at final (/Users/jennminerva/.nvm/versions/node/v4.4.5/lib/node_modules/npm/node_modules/read-package-json/read-json.js:349:5)
4 verbose stack     at then (/Users/jennminerva/.nvm/versions/node/v4.4.5/lib/node_modules/npm/node_modules/read-package-json/read-json.js:124:5)
4 verbose stack     at /Users/jennminerva/.nvm/versions/node/v4.4.5/lib/node_modules/npm/node_modules/read-package-json/read-json.js:311:12
4 verbose stack     at /Users/jennminerva/.nvm/versions/node/v4.4.5/lib/node_modules/npm/node_modules/graceful-fs/graceful-fs.js:78:16
4 verbose stack     at FSReqWrap.readFileAfterClose [as oncomplete] (fs.js:380:3)
5 verbose cwd /Users/jennminerva/code/happynessandco
6 error Darwin 16.6.0
7 error argv "/Users/jennminerva/.nvm/versions/node/v4.4.5/bin/node" "/Users/jennminerva/.nvm/versions/node/v4.4.5/bin/npm" "run" "start"
8 error node v4.4.5
9 error npm  v3.9.6
10 error Invalid name: "Happyness and Co."
11 error If you need help, you may report this error at:
11 error     <https://github.com/npm/npm/issues>
12 verbose exit [ 1, true ]
